[runlim] version:		1.10
[runlim] time limit:		311040000 seconds
[runlim] real time limit:	600 seconds
[runlim] space limit:		7759 MB
[runlim] argv[0]:		python3
[runlim] argv[1]:		-u
[runlim] argv[2]:		test.py
[runlim] argv[3]:		45-17
[runlim] argv[4]:		7
[runlim] argv[5]:		card_0
[runlim] argv[6]:		tot
[runlim] argv[7]:		cadical103
[runlim] argv[8]:		assumptions
[runlim] start:			Mon Feb  9 18:13:31 2026
[runlim] main pid:		58663
Total penalty: 64
Time: 0.008411884307861328
--------------------------------------------------

Trying with at most 63 penalty...
Total penalty: 61
Time: 0.25051307678222656
--------------------------------------------------

Trying with at most 60 penalty...
Total penalty: 56
Time: 0.2578399181365967
--------------------------------------------------

Trying with at most 55 penalty...
Total penalty: 55
Time: 0.4128234386444092
--------------------------------------------------

Trying with at most 54 penalty...
Total penalty: 54
Time: 0.8443052768707275
--------------------------------------------------

Trying with at most 53 penalty...
Total penalty: 53
Time: 2.199234962463379
--------------------------------------------------

Trying with at most 52 penalty...
Total penalty: 51
Time: 3.5036752223968506
--------------------------------------------------

Trying with at most 50 penalty...
Total penalty: 50
Time: 4.706770420074463
--------------------------------------------------

Trying with at most 49 penalty...
Total penalty: 49
Time: 6.16568922996521
--------------------------------------------------

Trying with at most 48 penalty...
Total penalty: 47
Time: 8.076169729232788
--------------------------------------------------

Trying with at most 46 penalty...
Total penalty: 45
Time: 8.084475994110107
--------------------------------------------------

Trying with at most 44 penalty...
Total penalty: 43
Time: 9.576021909713745
--------------------------------------------------

Trying with at most 42 penalty...
[runlim] sample:		9.9 time, 10.1 real, 44.2 MB
Total penalty: 42
Time: 16.855897903442383
--------------------------------------------------

Trying with at most 41 penalty...
[runlim] sample:		19.9 time, 20.1 real, 46.2 MB
[runlim] sample:		30.0 time, 30.1 real, 53.8 MB
[runlim] sample:		40.0 time, 40.1 real, 46.6 MB
[runlim] sample:		49.9 time, 50.1 real, 58.4 MB
Total penalty: 41
Time: 52.38620209693909
--------------------------------------------------

Trying with at most 40 penalty...
Total penalty: 40
Time: 59.588738679885864
--------------------------------------------------

Trying with at most 39 penalty...
[runlim] sample:		60.0 time, 60.1 real, 59.4 MB
[runlim] sample:		70.0 time, 70.1 real, 76.6 MB
[runlim] sample:		79.9 time, 80.1 real, 66.6 MB
[runlim] sample:		90.0 time, 90.1 real, 71.3 MB
[runlim] sample:		100.0 time, 100.1 real, 78.0 MB
Total penalty: 39
Time: 106.89064717292786
--------------------------------------------------

Trying with at most 38 penalty...
[runlim] sample:		109.9 time, 110.1 real, 60.5 MB
[runlim] sample:		120.0 time, 120.1 real, 79.5 MB
[runlim] sample:		130.0 time, 130.1 real, 79.5 MB
[runlim] sample:		139.9 time, 140.1 real, 79.5 MB
[runlim] sample:		149.9 time, 150.1 real, 81.2 MB
[runlim] sample:		160.0 time, 160.1 real, 86.7 MB
[runlim] sample:		170.0 time, 170.1 real, 86.7 MB
[runlim] sample:		179.9 time, 180.1 real, 86.7 MB
[runlim] sample:		190.0 time, 190.1 real, 86.7 MB
[runlim] sample:		200.0 time, 200.1 real, 86.7 MB
[runlim] sample:		209.9 time, 210.1 real, 86.8 MB
[runlim] sample:		220.0 time, 220.1 real, 87.0 MB
[runlim] sample:		230.0 time, 230.1 real, 87.0 MB
[runlim] sample:		239.9 time, 240.1 real, 89.8 MB
[runlim] sample:		249.9 time, 250.1 real, 89.8 MB
[runlim] sample:		260.0 time, 260.1 real, 90.1 MB
[runlim] sample:		270.0 time, 270.1 real, 102.6 MB
[runlim] sample:		279.9 time, 280.1 real, 79.0 MB
[runlim] sample:		290.0 time, 290.1 real, 80.1 MB
[runlim] sample:		300.0 time, 300.1 real, 92.7 MB
[runlim] sample:		309.9 time, 310.1 real, 79.5 MB
[runlim] sample:		320.0 time, 320.1 real, 77.7 MB
Total penalty: 38
Time: 321.48462200164795
--------------------------------------------------

Trying with at most 37 penalty...
[runlim] sample:		330.0 time, 330.1 real, 98.3 MB
[runlim] sample:		339.9 time, 340.1 real, 98.3 MB
[runlim] sample:		350.0 time, 350.1 real, 112.3 MB
[runlim] sample:		360.0 time, 360.1 real, 112.3 MB
[runlim] sample:		369.9 time, 370.1 real, 112.3 MB
[runlim] sample:		379.9 time, 380.1 real, 112.3 MB
[runlim] sample:		390.0 time, 390.1 real, 112.3 MB
[runlim] sample:		399.9 time, 400.1 real, 112.3 MB
[runlim] sample:		409.9 time, 410.1 real, 112.3 MB
[runlim] sample:		420.0 time, 420.1 real, 112.3 MB
[runlim] sample:		430.0 time, 430.1 real, 112.3 MB
[runlim] sample:		439.9 time, 440.1 real, 112.4 MB
[runlim] sample:		450.0 time, 450.1 real, 112.6 MB
[runlim] sample:		460.0 time, 460.1 real, 112.6 MB
[runlim] sample:		469.9 time, 470.1 real, 115.6 MB
[runlim] sample:		480.0 time, 480.1 real, 115.6 MB
[runlim] sample:		490.0 time, 490.1 real, 115.6 MB
[runlim] sample:		499.9 time, 500.1 real, 119.9 MB
[runlim] sample:		509.9 time, 510.1 real, 119.9 MB
[runlim] sample:		520.0 time, 520.1 real, 119.9 MB
[runlim] sample:		530.0 time, 530.1 real, 119.9 MB
[runlim] sample:		539.9 time, 540.1 real, 121.3 MB
[runlim] sample:		550.0 time, 550.1 real, 121.3 MB
[runlim] sample:		560.0 time, 560.1 real, 124.3 MB
[runlim] sample:		569.9 time, 570.1 real, 135.6 MB
Total penalty: 37
Time: 576.9105191230774
--------------------------------------------------

Trying with at most 36 penalty...
[runlim] sample:		580.0 time, 580.1 real, 92.7 MB
[runlim] sample:		590.0 time, 590.1 real, 112.0 MB
[runlim] sample:		599.9 time, 600.1 real, 134.5 MB
[runlim] end:			Mon Feb  9 18:23:31 2026
[runlim] status:		out of time
[runlim] result:		2
[runlim] children:		0
[runlim] real:			600.09 seconds
[runlim] time:			599.92 seconds
[runlim] space:			135.6 MB
[runlim] samples:		6000
