[runlim] version:		1.10
[runlim] time limit:		311040000 seconds
[runlim] real time limit:	600 seconds
[runlim] space limit:		7759 MB
[runlim] argv[0]:		python3
[runlim] argv[1]:		-u
[runlim] argv[2]:		test.py
[runlim] argv[3]:		45-17
[runlim] argv[4]:		7
[runlim] argv[5]:		card_6
[runlim] argv[6]:		tot
[runlim] argv[7]:		cadical103
[runlim] argv[8]:		assumptions
[runlim] start:			Mon Feb  9 19:13:31 2026
[runlim] main pid:		80189
Total penalty: 56
Time: 0.00923609733581543
--------------------------------------------------

Trying with at most 55 penalty...
Total penalty: 55
Time: 0.45322346687316895
--------------------------------------------------

Trying with at most 54 penalty...
Total penalty: 51
Time: 0.7399203777313232
--------------------------------------------------

Trying with at most 50 penalty...
Total penalty: 48
Time: 1.9111855030059814
--------------------------------------------------

Trying with at most 47 penalty...
Total penalty: 45
Time: 3.212888479232788
--------------------------------------------------

Trying with at most 44 penalty...
Total penalty: 43
Time: 5.36862850189209
--------------------------------------------------

Trying with at most 42 penalty...
[runlim] sample:		10.0 time, 10.1 real, 44.5 MB
Total penalty: 42
Time: 10.442434787750244
--------------------------------------------------

Trying with at most 41 penalty...
Total penalty: 41
Time: 16.09528660774231
--------------------------------------------------

Trying with at most 40 penalty...
[runlim] sample:		19.9 time, 20.1 real, 45.8 MB
Total penalty: 39
Time: 23.497864246368408
--------------------------------------------------

Trying with at most 38 penalty...
[runlim] sample:		30.0 time, 30.1 real, 53.9 MB
Total penalty: 38
Time: 30.427603721618652
--------------------------------------------------

Trying with at most 37 penalty...
Total penalty: 37
Time: 39.06128692626953
--------------------------------------------------

Trying with at most 36 penalty...
[runlim] sample:		40.0 time, 40.1 real, 47.4 MB
Total penalty: 36
Time: 46.319101095199585
--------------------------------------------------

Trying with at most 35 penalty...
[runlim] sample:		49.9 time, 50.1 real, 59.8 MB
Total penalty: 35
Time: 54.969545125961304
--------------------------------------------------

Trying with at most 34 penalty...
[runlim] sample:		60.0 time, 60.1 real, 48.9 MB
Total penalty: 34
Time: 64.57725071907043
--------------------------------------------------

Trying with at most 33 penalty...
[runlim] sample:		70.0 time, 70.1 real, 61.7 MB
[runlim] sample:		80.0 time, 80.1 real, 70.7 MB
[runlim] sample:		89.9 time, 90.1 real, 70.7 MB
[runlim] sample:		100.0 time, 100.1 real, 78.2 MB
[runlim] sample:		110.0 time, 110.1 real, 63.3 MB
[runlim] sample:		119.9 time, 120.1 real, 64.3 MB
[runlim] sample:		130.0 time, 130.1 real, 85.7 MB
[runlim] sample:		140.0 time, 140.1 real, 85.7 MB
[runlim] sample:		149.9 time, 150.1 real, 85.7 MB
[runlim] sample:		160.0 time, 160.1 real, 85.7 MB
[runlim] sample:		170.0 time, 170.1 real, 85.7 MB
[runlim] sample:		179.9 time, 180.1 real, 85.7 MB
[runlim] sample:		190.0 time, 190.1 real, 85.7 MB
[runlim] sample:		200.0 time, 200.1 real, 86.3 MB
[runlim] sample:		209.9 time, 210.1 real, 86.3 MB
[runlim] sample:		219.9 time, 220.1 real, 88.0 MB
[runlim] sample:		230.0 time, 230.1 real, 90.2 MB
[runlim] sample:		239.9 time, 240.1 real, 70.7 MB
[runlim] sample:		249.9 time, 250.1 real, 81.0 MB
[runlim] sample:		260.0 time, 260.1 real, 95.0 MB
[runlim] sample:		270.0 time, 270.1 real, 95.0 MB
[runlim] sample:		279.9 time, 280.1 real, 95.3 MB
[runlim] sample:		290.0 time, 290.1 real, 95.3 MB
[runlim] sample:		300.0 time, 300.1 real, 95.3 MB
[runlim] sample:		309.9 time, 310.1 real, 95.3 MB
[runlim] sample:		319.9 time, 320.1 real, 71.7 MB
[runlim] sample:		330.0 time, 330.1 real, 87.3 MB
[runlim] sample:		339.9 time, 340.1 real, 93.0 MB
[runlim] sample:		349.9 time, 350.1 real, 95.0 MB
[runlim] sample:		360.0 time, 360.1 real, 95.0 MB
[runlim] sample:		369.9 time, 370.1 real, 95.0 MB
[runlim] sample:		379.9 time, 380.1 real, 110.6 MB
[runlim] sample:		390.0 time, 390.1 real, 85.2 MB
[runlim] sample:		400.0 time, 400.1 real, 98.2 MB
[runlim] sample:		409.9 time, 410.1 real, 113.1 MB
[runlim] sample:		420.0 time, 420.1 real, 113.1 MB
[runlim] sample:		430.0 time, 430.1 real, 113.7 MB
[runlim] sample:		439.9 time, 440.1 real, 113.7 MB
[runlim] sample:		449.9 time, 450.1 real, 114.6 MB
[runlim] sample:		460.0 time, 460.1 real, 114.6 MB
[runlim] sample:		469.9 time, 470.1 real, 116.6 MB
[runlim] sample:		479.9 time, 480.1 real, 116.6 MB
[runlim] sample:		490.0 time, 490.1 real, 116.6 MB
[runlim] sample:		500.0 time, 500.1 real, 117.9 MB
[runlim] sample:		509.9 time, 510.1 real, 117.9 MB
[runlim] sample:		520.0 time, 520.1 real, 117.9 MB
[runlim] sample:		530.0 time, 530.1 real, 123.9 MB
[runlim] sample:		539.9 time, 540.1 real, 123.9 MB
[runlim] sample:		550.0 time, 550.1 real, 123.9 MB
[runlim] sample:		560.0 time, 560.1 real, 124.9 MB
[runlim] sample:		569.9 time, 570.1 real, 124.9 MB
[runlim] sample:		580.0 time, 580.1 real, 125.5 MB
[runlim] sample:		590.0 time, 590.1 real, 125.5 MB
[runlim] end:			Mon Feb  9 19:23:31 2026
[runlim] status:		out of time
[runlim] result:		2
[runlim] children:		0
[runlim] real:			600.03 seconds
[runlim] time:			599.84 seconds
[runlim] space:			125.5 MB
[runlim] samples:		5999
