[runlim] version:		1.10
[runlim] time limit:		311040000 seconds
[runlim] real time limit:	600 seconds
[runlim] space limit:		7759 MB
[runlim] argv[0]:		python3
[runlim] argv[1]:		-u
[runlim] argv[2]:		test.py
[runlim] argv[3]:		45-17
[runlim] argv[4]:		7
[runlim] argv[5]:		card_8
[runlim] argv[6]:		tot
[runlim] argv[7]:		cadical103
[runlim] argv[8]:		assumptions
[runlim] start:			Mon Feb  9 19:33:31 2026
[runlim] main pid:		87426
Total penalty: 59
Time: 0.008339166641235352
--------------------------------------------------

Trying with at most 58 penalty...
Total penalty: 54
Time: 0.21999859809875488
--------------------------------------------------

Trying with at most 53 penalty...
Total penalty: 51
Time: 0.41217589378356934
--------------------------------------------------

Trying with at most 50 penalty...
Total penalty: 50
Time: 0.7869424819946289
--------------------------------------------------

Trying with at most 49 penalty...
Total penalty: 48
Time: 1.1741633415222168
--------------------------------------------------

Trying with at most 47 penalty...
Total penalty: 47
Time: 2.2731192111968994
--------------------------------------------------

Trying with at most 46 penalty...
Total penalty: 44
Time: 2.998324155807495
--------------------------------------------------

Trying with at most 43 penalty...
Total penalty: 43
Time: 4.790324687957764
--------------------------------------------------

Trying with at most 42 penalty...
Total penalty: 42
Time: 7.14445161819458
--------------------------------------------------

Trying with at most 41 penalty...
[runlim] sample:		10.0 time, 10.1 real, 44.0 MB
[runlim] sample:		19.9 time, 20.1 real, 45.0 MB
[runlim] sample:		30.0 time, 30.1 real, 51.9 MB
Total penalty: 41
Time: 31.62787914276123
--------------------------------------------------

Trying with at most 40 penalty...
[runlim] sample:		40.0 time, 40.1 real, 59.6 MB
[runlim] sample:		50.0 time, 50.1 real, 59.6 MB
[runlim] sample:		60.0 time, 60.1 real, 68.4 MB
Total penalty: 40
Time: 67.1691529750824
--------------------------------------------------

Trying with at most 39 penalty...
[runlim] sample:		70.0 time, 70.1 real, 62.8 MB
Total penalty: 39
Time: 76.71852803230286
--------------------------------------------------

Trying with at most 38 penalty...
[runlim] sample:		80.0 time, 80.1 real, 64.7 MB
Total penalty: 38
Time: 87.8735282421112
--------------------------------------------------

Trying with at most 37 penalty...
[runlim] sample:		89.9 time, 90.1 real, 72.6 MB
Total penalty: 37
Time: 99.82267260551453
--------------------------------------------------

Trying with at most 36 penalty...
[runlim] sample:		100.0 time, 100.1 real, 85.4 MB
[runlim] sample:		110.0 time, 110.1 real, 77.2 MB
Total penalty: 36
Time: 113.85506200790405
--------------------------------------------------

Trying with at most 35 penalty...
[runlim] sample:		119.9 time, 120.1 real, 69.4 MB
[runlim] sample:		130.0 time, 130.1 real, 77.9 MB
[runlim] sample:		140.0 time, 140.1 real, 85.4 MB
[runlim] sample:		149.9 time, 150.1 real, 85.4 MB
[runlim] sample:		160.0 time, 160.1 real, 87.2 MB
[runlim] sample:		170.0 time, 170.1 real, 80.4 MB
[runlim] sample:		179.9 time, 180.1 real, 82.7 MB
[runlim] sample:		190.0 time, 190.1 real, 69.1 MB
[runlim] sample:		200.0 time, 200.1 real, 80.0 MB
[runlim] sample:		210.0 time, 210.1 real, 91.6 MB
[runlim] sample:		219.9 time, 220.1 real, 92.4 MB
[runlim] sample:		230.0 time, 230.1 real, 92.4 MB
[runlim] sample:		240.0 time, 240.1 real, 93.2 MB
[runlim] sample:		249.9 time, 250.1 real, 94.9 MB
[runlim] sample:		260.0 time, 260.1 real, 94.9 MB
[runlim] sample:		270.0 time, 270.1 real, 95.0 MB
[runlim] sample:		279.9 time, 280.1 real, 95.0 MB
[runlim] sample:		290.0 time, 290.1 real, 96.5 MB
[runlim] sample:		300.0 time, 300.1 real, 98.2 MB
[runlim] sample:		309.9 time, 310.1 real, 76.0 MB
[runlim] sample:		319.9 time, 320.1 real, 110.7 MB
[runlim] sample:		330.0 time, 330.1 real, 91.6 MB
[runlim] sample:		339.9 time, 340.1 real, 91.6 MB
[runlim] sample:		349.9 time, 350.1 real, 104.3 MB
[runlim] sample:		360.0 time, 360.1 real, 104.3 MB
[runlim] sample:		369.9 time, 370.1 real, 109.3 MB
[runlim] sample:		379.9 time, 380.1 real, 109.3 MB
[runlim] sample:		389.9 time, 390.1 real, 109.3 MB
[runlim] sample:		399.9 time, 400.1 real, 94.0 MB
[runlim] sample:		409.9 time, 410.1 real, 94.1 MB
[runlim] sample:		419.9 time, 420.1 real, 104.9 MB
[runlim] sample:		429.9 time, 430.1 real, 104.9 MB
[runlim] sample:		439.9 time, 440.1 real, 104.9 MB
[runlim] sample:		449.9 time, 450.1 real, 104.9 MB
[runlim] sample:		460.0 time, 460.1 real, 104.9 MB
[runlim] sample:		469.9 time, 470.1 real, 110.7 MB
[runlim] sample:		479.9 time, 480.1 real, 126.6 MB
[runlim] sample:		490.0 time, 490.1 real, 80.6 MB
[runlim] sample:		500.0 time, 500.1 real, 99.7 MB
[runlim] sample:		509.9 time, 510.1 real, 114.6 MB
[runlim] sample:		520.0 time, 520.1 real, 114.7 MB
[runlim] sample:		530.0 time, 530.1 real, 117.7 MB
[runlim] sample:		539.9 time, 540.1 real, 117.7 MB
[runlim] sample:		550.0 time, 550.1 real, 117.7 MB
[runlim] sample:		560.0 time, 560.1 real, 117.7 MB
[runlim] sample:		569.9 time, 570.1 real, 117.7 MB
[runlim] sample:		579.9 time, 580.1 real, 135.1 MB
[runlim] sample:		590.0 time, 590.1 real, 135.1 MB
[runlim] sample:		599.9 time, 600.1 real, 135.1 MB
[runlim] end:			Mon Feb  9 19:43:31 2026
[runlim] status:		out of time
[runlim] result:		2
[runlim] children:		0
[runlim] real:			600.08 seconds
[runlim] time:			599.92 seconds
[runlim] space:			135.1 MB
[runlim] samples:		6000
