[runlim] version:		1.10
[runlim] time limit:		311040000 seconds
[runlim] real time limit:	600 seconds
[runlim] space limit:		7759 MB
[runlim] argv[0]:		python3
[runlim] argv[1]:		-u
[runlim] argv[2]:		test.py
[runlim] argv[3]:		45-17
[runlim] argv[4]:		7
[runlim] argv[5]:		card_2
[runlim] argv[6]:		tot
[runlim] argv[7]:		cadical103
[runlim] argv[8]:		assumptions
[runlim] start:			Mon Feb  9 18:33:31 2026
[runlim] main pid:		65926
Total penalty: 110
Time: 0.01087188720703125
--------------------------------------------------

Trying with at most 109 penalty...
Total penalty: 77
Time: 0.0647280216217041
--------------------------------------------------

Trying with at most 76 penalty...
Total penalty: 63
Time: 0.07171964645385742
--------------------------------------------------

Trying with at most 62 penalty...
Total penalty: 56
Time: 0.5996749401092529
--------------------------------------------------

Trying with at most 55 penalty...
Total penalty: 55
Time: 1.0367779731750488
--------------------------------------------------

Trying with at most 54 penalty...
Total penalty: 53
Time: 1.4704291820526123
--------------------------------------------------

Trying with at most 52 penalty...
Total penalty: 51
Time: 1.8280704021453857
--------------------------------------------------

Trying with at most 50 penalty...
Total penalty: 46
Time: 2.1523983478546143
--------------------------------------------------

Trying with at most 45 penalty...
Total penalty: 45
Time: 4.034382343292236
--------------------------------------------------

Trying with at most 44 penalty...
Total penalty: 44
Time: 4.041336536407471
--------------------------------------------------

Trying with at most 43 penalty...
Total penalty: 43
Time: 5.923470497131348
--------------------------------------------------

Trying with at most 42 penalty...
[runlim] sample:		10.0 time, 10.1 real, 42.7 MB
Total penalty: 41
Time: 12.203433752059937
--------------------------------------------------

Trying with at most 40 penalty...
Total penalty: 39
Time: 17.19892930984497
--------------------------------------------------

Trying with at most 38 penalty...
[runlim] sample:		19.9 time, 20.1 real, 43.0 MB
[runlim] sample:		30.0 time, 30.1 real, 47.9 MB
[runlim] sample:		40.0 time, 40.1 real, 54.9 MB
[runlim] sample:		49.9 time, 50.1 real, 51.9 MB
[runlim] sample:		60.0 time, 60.1 real, 55.9 MB
[runlim] sample:		70.0 time, 70.1 real, 53.8 MB
[runlim] sample:		79.9 time, 80.1 real, 57.6 MB
[runlim] sample:		90.0 time, 90.1 real, 64.7 MB
[runlim] sample:		100.0 time, 100.1 real, 76.9 MB
[runlim] sample:		110.0 time, 110.1 real, 78.4 MB
[runlim] sample:		119.9 time, 120.1 real, 79.1 MB
[runlim] sample:		129.9 time, 130.1 real, 62.6 MB
[runlim] sample:		139.9 time, 140.1 real, 71.8 MB
[runlim] sample:		149.9 time, 150.1 real, 72.9 MB
[runlim] sample:		160.1 time, 160.1 real, 64.5 MB
[runlim] sample:		170.1 time, 170.1 real, 84.1 MB
Total penalty: 38
Time: 170.87473964691162
--------------------------------------------------

Trying with at most 37 penalty...
[runlim] sample:		179.9 time, 180.1 real, 84.1 MB
Total penalty: 37
Time: 188.5713746547699
--------------------------------------------------

Trying with at most 36 penalty...
[runlim] sample:		190.0 time, 190.1 real, 68.8 MB
[runlim] sample:		200.0 time, 200.1 real, 79.1 MB
[runlim] sample:		209.9 time, 210.1 real, 81.7 MB
[runlim] sample:		220.0 time, 220.1 real, 81.7 MB
[runlim] sample:		230.0 time, 230.1 real, 81.7 MB
[runlim] sample:		239.9 time, 240.1 real, 96.3 MB
[runlim] sample:		249.9 time, 250.1 real, 83.4 MB
[runlim] sample:		260.0 time, 260.1 real, 96.1 MB
[runlim] sample:		270.0 time, 270.1 real, 110.9 MB
[runlim] sample:		279.9 time, 280.1 real, 96.1 MB
[runlim] sample:		290.0 time, 290.1 real, 96.1 MB
[runlim] sample:		300.0 time, 300.1 real, 105.1 MB
[runlim] sample:		309.9 time, 310.1 real, 105.1 MB
[runlim] sample:		320.0 time, 320.1 real, 105.1 MB
[runlim] sample:		330.0 time, 330.1 real, 105.1 MB
[runlim] sample:		339.9 time, 340.1 real, 105.1 MB
[runlim] sample:		350.0 time, 350.1 real, 109.3 MB
[runlim] sample:		360.0 time, 360.1 real, 109.3 MB
[runlim] sample:		370.0 time, 370.1 real, 110.9 MB
[runlim] sample:		379.9 time, 380.1 real, 110.9 MB
[runlim] sample:		390.0 time, 390.1 real, 110.9 MB
[runlim] sample:		400.0 time, 400.1 real, 110.9 MB
[runlim] sample:		409.9 time, 410.1 real, 111.9 MB
[runlim] sample:		420.0 time, 420.1 real, 84.9 MB
[runlim] sample:		430.0 time, 430.1 real, 87.4 MB
[runlim] sample:		439.9 time, 440.1 real, 117.9 MB
[runlim] sample:		450.0 time, 450.1 real, 101.7 MB
[runlim] sample:		460.0 time, 460.1 real, 119.0 MB
[runlim] sample:		469.9 time, 470.1 real, 119.0 MB
[runlim] sample:		480.0 time, 480.1 real, 99.2 MB
[runlim] sample:		490.0 time, 490.1 real, 99.3 MB
[runlim] sample:		499.9 time, 500.1 real, 121.6 MB
[runlim] sample:		509.9 time, 510.1 real, 121.6 MB
[runlim] sample:		520.0 time, 520.1 real, 121.6 MB
[runlim] sample:		530.0 time, 530.1 real, 86.8 MB
[runlim] sample:		539.9 time, 540.1 real, 121.8 MB
[runlim] sample:		550.0 time, 550.1 real, 121.8 MB
[runlim] sample:		560.0 time, 560.1 real, 121.8 MB
[runlim] sample:		569.9 time, 570.1 real, 124.5 MB
[runlim] sample:		580.0 time, 580.1 real, 124.5 MB
[runlim] sample:		590.0 time, 590.1 real, 124.5 MB
[runlim] end:			Mon Feb  9 18:43:31 2026
[runlim] status:		out of time
[runlim] result:		2
[runlim] children:		0
[runlim] real:			600.04 seconds
[runlim] time:			599.82 seconds
[runlim] space:			136.6 MB
[runlim] samples:		5999
