[runlim] version:		1.10
[runlim] time limit:		311040000 seconds
[runlim] real time limit:	600 seconds
[runlim] space limit:		7759 MB
[runlim] argv[0]:		python3
[runlim] argv[1]:		-u
[runlim] argv[2]:		test.py
[runlim] argv[3]:		45-17
[runlim] argv[4]:		7
[runlim] argv[5]:		nsc
[runlim] argv[6]:		tot
[runlim] argv[7]:		cadical103
[runlim] argv[8]:		assumptions
[runlim] start:			Mon Feb  9 17:38:56 2026
[runlim] main pid:		47201
Total penalty: 66
Time: 0.008832216262817383
--------------------------------------------------

Trying with at most 65 penalty...
Total penalty: 57
Time: 0.2478656768798828
--------------------------------------------------

Trying with at most 56 penalty...
Total penalty: 55
Time: 0.6859312057495117
--------------------------------------------------

Trying with at most 54 penalty...
Total penalty: 53
Time: 1.5704419612884521
--------------------------------------------------

Trying with at most 52 penalty...
Total penalty: 52
Time: 2.8520402908325195
--------------------------------------------------

Trying with at most 51 penalty...
Total penalty: 49
Time: 3.508025884628296
--------------------------------------------------

Trying with at most 48 penalty...
Total penalty: 48
Time: 3.9449188709259033
--------------------------------------------------

Trying with at most 47 penalty...
Total penalty: 47
Time: 6.306948900222778
--------------------------------------------------

Trying with at most 46 penalty...
Total penalty: 45
Time: 7.686070919036865
--------------------------------------------------

Trying with at most 44 penalty...
[runlim] sample:		9.9 time, 10.7 real, 40.9 MB
Total penalty: 44
Time: 13.000232934951782
--------------------------------------------------

Trying with at most 43 penalty...
Total penalty: 43
Time: 19.757080793380737
--------------------------------------------------

Trying with at most 42 penalty...
[runlim] sample:		19.9 time, 20.7 real, 45.0 MB
Total penalty: 42
Time: 28.38334345817566
--------------------------------------------------

Trying with at most 41 penalty...
[runlim] sample:		30.0 time, 30.7 real, 45.1 MB
Total penalty: 41
Time: 36.72082185745239
--------------------------------------------------

Trying with at most 40 penalty...
[runlim] sample:		40.0 time, 40.7 real, 55.5 MB
Total penalty: 40
Time: 44.064221143722534
--------------------------------------------------

Trying with at most 39 penalty...
[runlim] sample:		50.0 time, 50.7 real, 60.7 MB
Total penalty: 39
Time: 53.52822947502136
--------------------------------------------------

Trying with at most 38 penalty...
[runlim] sample:		60.0 time, 60.7 real, 60.8 MB
Total penalty: 38
Time: 62.797834396362305
--------------------------------------------------

Trying with at most 37 penalty...
[runlim] sample:		70.0 time, 70.7 real, 58.2 MB
[runlim] sample:		80.0 time, 80.7 real, 62.1 MB
[runlim] sample:		90.1 time, 90.7 real, 62.2 MB
[runlim] sample:		100.1 time, 100.7 real, 63.9 MB
[runlim] sample:		110.1 time, 110.7 real, 73.4 MB
[runlim] sample:		120.0 time, 120.7 real, 73.4 MB
[runlim] sample:		130.0 time, 130.7 real, 73.4 MB
[runlim] sample:		140.0 time, 140.7 real, 62.6 MB
[runlim] sample:		150.1 time, 150.7 real, 79.7 MB
[runlim] sample:		160.2 time, 160.7 real, 79.7 MB
[runlim] sample:		170.2 time, 170.7 real, 81.8 MB
[runlim] sample:		180.1 time, 180.7 real, 64.7 MB
[runlim] sample:		190.0 time, 190.7 real, 74.6 MB
[runlim] sample:		200.1 time, 200.7 real, 75.4 MB
[runlim] sample:		210.0 time, 210.7 real, 75.6 MB
[runlim] sample:		220.1 time, 220.7 real, 75.9 MB
[runlim] sample:		230.1 time, 230.7 real, 80.4 MB
[runlim] sample:		240.1 time, 240.7 real, 93.8 MB
[runlim] sample:		250.1 time, 250.7 real, 93.8 MB
[runlim] sample:		260.1 time, 260.7 real, 93.8 MB
[runlim] sample:		270.1 time, 270.7 real, 93.8 MB
[runlim] sample:		280.1 time, 280.7 real, 93.8 MB
[runlim] sample:		290.1 time, 290.7 real, 93.8 MB
[runlim] sample:		300.1 time, 300.7 real, 93.8 MB
[runlim] sample:		310.0 time, 310.7 real, 78.2 MB
[runlim] sample:		320.1 time, 320.7 real, 91.0 MB
[runlim] sample:		330.1 time, 330.7 real, 91.0 MB
[runlim] sample:		340.0 time, 340.7 real, 104.1 MB
[runlim] sample:		350.1 time, 350.7 real, 117.4 MB
[runlim] sample:		360.1 time, 360.7 real, 117.4 MB
[runlim] sample:		370.0 time, 370.7 real, 117.4 MB
[runlim] sample:		380.1 time, 380.7 real, 117.4 MB
[runlim] sample:		390.1 time, 390.7 real, 117.4 MB
[runlim] sample:		400.0 time, 400.7 real, 117.4 MB
[runlim] sample:		410.0 time, 410.7 real, 117.4 MB
[runlim] sample:		420.1 time, 420.7 real, 117.4 MB
[runlim] sample:		430.0 time, 430.7 real, 117.4 MB
[runlim] sample:		440.0 time, 440.7 real, 117.4 MB
[runlim] sample:		450.1 time, 450.7 real, 117.4 MB
[runlim] sample:		460.1 time, 460.7 real, 77.5 MB
[runlim] sample:		470.0 time, 470.7 real, 96.2 MB
[runlim] sample:		480.1 time, 480.7 real, 96.2 MB
[runlim] sample:		490.1 time, 490.7 real, 109.8 MB
[runlim] sample:		500.0 time, 500.7 real, 125.8 MB
[runlim] sample:		510.1 time, 510.7 real, 125.8 MB
[runlim] sample:		520.1 time, 520.7 real, 125.8 MB
[runlim] sample:		530.0 time, 530.7 real, 127.8 MB
[runlim] sample:		540.0 time, 540.7 real, 127.8 MB
[runlim] sample:		550.1 time, 550.7 real, 127.8 MB
[runlim] sample:		560.0 time, 560.7 real, 128.0 MB
[runlim] sample:		570.0 time, 570.7 real, 128.0 MB
[runlim] sample:		580.1 time, 580.7 real, 128.0 MB
[runlim] sample:		590.0 time, 590.7 real, 129.2 MB
[runlim] end:			Mon Feb  9 17:48:56 2026
[runlim] status:		out of time
[runlim] result:		2
[runlim] children:		0
[runlim] real:			600.05 seconds
[runlim] time:			599.31 seconds
[runlim] space:			129.2 MB
[runlim] samples:		5993
