[runlim] version:		1.10
[runlim] time limit:		311040000 seconds
[runlim] real time limit:	600 seconds
[runlim] space limit:		7759 MB
[runlim] argv[0]:		python3
[runlim] argv[1]:		-u
[runlim] argv[2]:		test.py
[runlim] argv[3]:		45-17
[runlim] argv[4]:		7
[runlim] argv[5]:		pb_1
[runlim] argv[6]:		tot
[runlim] argv[7]:		cadical103
[runlim] argv[8]:		assumptions
[runlim] start:			Mon Feb  9 19:53:31 2026
[runlim] main pid:		95117
Total penalty: 86
Time: 0.008600711822509766
--------------------------------------------------

Trying with at most 85 penalty...
Total penalty: 69
Time: 0.07446885108947754
--------------------------------------------------

Trying with at most 68 penalty...
Total penalty: 63
Time: 0.11562418937683105
--------------------------------------------------

Trying with at most 62 penalty...
Total penalty: 54
Time: 0.2314906120300293
--------------------------------------------------

Trying with at most 53 penalty...
Total penalty: 53
Time: 0.7210021018981934
--------------------------------------------------

Trying with at most 52 penalty...
Total penalty: 51
Time: 1.8313374519348145
--------------------------------------------------

Trying with at most 50 penalty...
Total penalty: 50
Time: 3.0577802658081055
--------------------------------------------------

Trying with at most 49 penalty...
Total penalty: 46
Time: 3.442340612411499
--------------------------------------------------

Trying with at most 45 penalty...
Total penalty: 44
Time: 5.193930387496948
--------------------------------------------------

Trying with at most 43 penalty...
Total penalty: 43
Time: 7.55682110786438
--------------------------------------------------

Trying with at most 42 penalty...
[runlim] sample:		10.0 time, 10.1 real, 44.0 MB
Total penalty: 42
Time: 13.795413255691528
--------------------------------------------------

Trying with at most 41 penalty...
[runlim] sample:		19.9 time, 20.1 real, 48.2 MB
Total penalty: 41
Time: 20.300738096237183
--------------------------------------------------

Trying with at most 40 penalty...
Total penalty: 40
Time: 27.309217929840088
--------------------------------------------------

Trying with at most 39 penalty...
[runlim] sample:		30.0 time, 30.1 real, 57.6 MB
[runlim] sample:		40.0 time, 40.1 real, 61.4 MB
Total penalty: 39
Time: 40.34782314300537
--------------------------------------------------

Trying with at most 38 penalty...
[runlim] sample:		50.0 time, 50.1 real, 61.7 MB
[runlim] sample:		60.0 time, 60.1 real, 57.6 MB
[runlim] sample:		70.0 time, 70.1 real, 65.6 MB
Total penalty: 38
Time: 79.77488493919373
--------------------------------------------------

Trying with at most 37 penalty...
[runlim] sample:		80.0 time, 80.1 real, 56.8 MB
[runlim] sample:		89.9 time, 90.1 real, 75.6 MB
[runlim] sample:		100.0 time, 100.1 real, 67.3 MB
Total penalty: 37
Time: 100.59633016586304
--------------------------------------------------

Trying with at most 36 penalty...
[runlim] sample:		110.0 time, 110.1 real, 75.1 MB
Total penalty: 36
Time: 113.47464203834534
--------------------------------------------------

Trying with at most 35 penalty...
[runlim] sample:		120.0 time, 120.1 real, 75.1 MB
Total penalty: 35
Time: 128.09230732917786
--------------------------------------------------

Trying with at most 34 penalty...
[runlim] sample:		130.0 time, 130.1 real, 92.1 MB
[runlim] sample:		140.0 time, 140.1 real, 73.4 MB
[runlim] sample:		149.9 time, 150.1 real, 93.9 MB
[runlim] sample:		160.0 time, 160.1 real, 91.8 MB
[runlim] sample:		170.0 time, 170.1 real, 91.8 MB
[runlim] sample:		180.0 time, 180.1 real, 82.5 MB
[runlim] sample:		189.9 time, 190.1 real, 94.3 MB
[runlim] sample:		200.0 time, 200.1 real, 94.3 MB
[runlim] sample:		210.0 time, 210.1 real, 97.4 MB
[runlim] sample:		219.9 time, 220.1 real, 97.4 MB
[runlim] sample:		230.0 time, 230.1 real, 97.4 MB
[runlim] sample:		240.0 time, 240.1 real, 97.4 MB
[runlim] sample:		249.9 time, 250.1 real, 97.4 MB
[runlim] sample:		260.0 time, 260.1 real, 97.4 MB
[runlim] sample:		270.0 time, 270.1 real, 97.4 MB
[runlim] sample:		280.0 time, 280.1 real, 97.4 MB
[runlim] sample:		290.0 time, 290.1 real, 98.4 MB
[runlim] sample:		300.0 time, 300.1 real, 98.8 MB
[runlim] sample:		310.0 time, 310.1 real, 98.8 MB
[runlim] sample:		319.9 time, 320.1 real, 76.5 MB
[runlim] sample:		330.0 time, 330.1 real, 89.6 MB
[runlim] sample:		340.0 time, 340.1 real, 89.7 MB
[runlim] sample:		349.9 time, 350.1 real, 105.6 MB
[runlim] sample:		360.0 time, 360.1 real, 91.2 MB
[runlim] sample:		370.0 time, 370.1 real, 75.9 MB
[runlim] sample:		379.9 time, 380.1 real, 102.8 MB
[runlim] sample:		390.0 time, 390.1 real, 105.1 MB
[runlim] sample:		400.0 time, 400.1 real, 106.0 MB
[runlim] sample:		409.9 time, 410.1 real, 93.3 MB
[runlim] sample:		420.0 time, 420.1 real, 109.2 MB
[runlim] sample:		430.0 time, 430.1 real, 95.8 MB
[runlim] sample:		440.0 time, 440.1 real, 108.3 MB
[runlim] sample:		449.9 time, 450.1 real, 77.9 MB
[runlim] sample:		460.0 time, 460.1 real, 94.2 MB
[runlim] sample:		470.0 time, 470.1 real, 97.2 MB
[runlim] sample:		479.9 time, 480.1 real, 97.3 MB
[runlim] sample:		490.0 time, 490.1 real, 99.2 MB
[runlim] sample:		500.0 time, 500.1 real, 114.5 MB
[runlim] sample:		509.9 time, 510.1 real, 130.2 MB
[runlim] sample:		520.0 time, 520.1 real, 83.9 MB
[runlim] sample:		530.0 time, 530.1 real, 99.4 MB
[runlim] sample:		539.9 time, 540.1 real, 115.3 MB
[runlim] sample:		550.0 time, 550.1 real, 131.4 MB
[runlim] sample:		560.0 time, 560.1 real, 131.4 MB
[runlim] sample:		570.0 time, 570.1 real, 131.4 MB
[runlim] sample:		580.0 time, 580.1 real, 131.4 MB
[runlim] sample:		590.0 time, 590.1 real, 131.4 MB
[runlim] end:			Mon Feb  9 20:03:31 2026
[runlim] status:		out of time
[runlim] result:		2
[runlim] children:		0
[runlim] real:			600.04 seconds
[runlim] time:			599.86 seconds
[runlim] space:			132.3 MB
[runlim] samples:		5999
