[runlim] version:		1.10
[runlim] time limit:		311040000 seconds
[runlim] real time limit:	600 seconds
[runlim] space limit:		7759 MB
[runlim] argv[0]:		python3
[runlim] argv[1]:		-u
[runlim] argv[2]:		test.py
[runlim] argv[3]:		45-17
[runlim] argv[4]:		7
[runlim] argv[5]:		pb_2
[runlim] argv[6]:		tot
[runlim] argv[7]:		cadical103
[runlim] argv[8]:		assumptions
[runlim] start:			Mon Feb  9 20:03:31 2026
[runlim] main pid:		98839
Total penalty: 86
Time: 0.009716987609863281
--------------------------------------------------

Trying with at most 85 penalty...
Total penalty: 69
Time: 0.07110118865966797
--------------------------------------------------

Trying with at most 68 penalty...
Total penalty: 63
Time: 0.11007905006408691
--------------------------------------------------

Trying with at most 62 penalty...
Total penalty: 54
Time: 0.22112369537353516
--------------------------------------------------

Trying with at most 53 penalty...
Total penalty: 53
Time: 0.702789306640625
--------------------------------------------------

Trying with at most 52 penalty...
Total penalty: 51
Time: 1.8053662776947021
--------------------------------------------------

Trying with at most 50 penalty...
Total penalty: 50
Time: 3.0304484367370605
--------------------------------------------------

Trying with at most 49 penalty...
Total penalty: 46
Time: 3.4170584678649902
--------------------------------------------------

Trying with at most 45 penalty...
Total penalty: 44
Time: 5.1656951904296875
--------------------------------------------------

Trying with at most 43 penalty...
Total penalty: 43
Time: 7.54015040397644
--------------------------------------------------

Trying with at most 42 penalty...
[runlim] sample:		9.9 time, 10.0 real, 44.0 MB
Total penalty: 42
Time: 13.709901332855225
--------------------------------------------------

Trying with at most 41 penalty...
[runlim] sample:		20.0 time, 20.0 real, 48.1 MB
Total penalty: 41
Time: 20.13430881500244
--------------------------------------------------

Trying with at most 40 penalty...
Total penalty: 40
Time: 27.033059120178223
--------------------------------------------------

Trying with at most 39 penalty...
[runlim] sample:		30.0 time, 30.0 real, 57.5 MB
Total penalty: 39
Time: 39.880271911621094
--------------------------------------------------

Trying with at most 38 penalty...
[runlim] sample:		40.0 time, 40.0 real, 61.4 MB
[runlim] sample:		50.0 time, 50.0 real, 61.7 MB
[runlim] sample:		60.0 time, 60.0 real, 64.3 MB
[runlim] sample:		70.0 time, 70.0 real, 65.6 MB
Total penalty: 38
Time: 78.85756182670593
--------------------------------------------------

Trying with at most 37 penalty...
[runlim] sample:		79.9 time, 80.0 real, 65.2 MB
[runlim] sample:		89.9 time, 90.0 real, 75.6 MB
Total penalty: 37
Time: 99.45819807052612
--------------------------------------------------

Trying with at most 36 penalty...
[runlim] sample:		100.0 time, 100.0 real, 68.0 MB
[runlim] sample:		110.0 time, 110.0 real, 85.8 MB
Total penalty: 36
Time: 112.15993213653564
--------------------------------------------------

Trying with at most 35 penalty...
[runlim] sample:		120.0 time, 120.0 real, 75.0 MB
Total penalty: 35
Time: 126.43067026138306
--------------------------------------------------

Trying with at most 34 penalty...
[runlim] sample:		130.0 time, 130.0 real, 60.3 MB
[runlim] sample:		140.0 time, 140.0 real, 83.5 MB
[runlim] sample:		150.1 time, 150.0 real, 93.9 MB
[runlim] sample:		160.1 time, 160.0 real, 91.8 MB
[runlim] sample:		170.1 time, 170.0 real, 75.9 MB
[runlim] sample:		180.0 time, 180.0 real, 94.4 MB
[runlim] sample:		190.0 time, 190.0 real, 94.4 MB
[runlim] sample:		200.0 time, 200.0 real, 97.4 MB
[runlim] sample:		210.0 time, 210.0 real, 97.4 MB
[runlim] sample:		220.0 time, 220.0 real, 97.4 MB
[runlim] sample:		230.0 time, 230.0 real, 97.4 MB
[runlim] sample:		240.0 time, 240.0 real, 97.4 MB
[runlim] sample:		250.0 time, 250.0 real, 97.4 MB
[runlim] sample:		260.0 time, 260.0 real, 97.4 MB
[runlim] sample:		270.0 time, 270.0 real, 97.4 MB
[runlim] sample:		280.0 time, 280.0 real, 98.4 MB
[runlim] sample:		290.0 time, 290.0 real, 98.4 MB
[runlim] sample:		300.0 time, 300.0 real, 98.9 MB
[runlim] sample:		310.0 time, 310.0 real, 98.9 MB
[runlim] sample:		320.0 time, 320.0 real, 76.5 MB
[runlim] sample:		330.0 time, 330.0 real, 89.6 MB
[runlim] sample:		340.0 time, 340.0 real, 89.7 MB
[runlim] sample:		350.0 time, 350.0 real, 91.1 MB
[runlim] sample:		360.0 time, 360.0 real, 91.1 MB
[runlim] sample:		370.0 time, 370.0 real, 89.3 MB
[runlim] sample:		380.0 time, 380.0 real, 102.8 MB
[runlim] sample:		390.0 time, 390.0 real, 76.0 MB
[runlim] sample:		400.0 time, 400.0 real, 106.0 MB
[runlim] sample:		410.0 time, 410.0 real, 93.3 MB
[runlim] sample:		420.0 time, 420.0 real, 109.0 MB
[runlim] sample:		430.0 time, 430.0 real, 95.8 MB
[runlim] sample:		440.0 time, 440.0 real, 125.4 MB
[runlim] sample:		450.0 time, 450.0 real, 94.0 MB
[runlim] sample:		460.0 time, 460.0 real, 94.1 MB
[runlim] sample:		470.0 time, 470.0 real, 97.1 MB
[runlim] sample:		480.0 time, 480.0 real, 99.1 MB
[runlim] sample:		490.0 time, 490.0 real, 114.5 MB
[runlim] sample:		500.0 time, 500.0 real, 130.1 MB
[runlim] sample:		510.0 time, 510.0 real, 83.8 MB
[runlim] sample:		520.0 time, 520.0 real, 99.3 MB
[runlim] sample:		530.0 time, 530.0 real, 115.2 MB
[runlim] sample:		540.0 time, 540.0 real, 131.3 MB
[runlim] sample:		550.0 time, 550.0 real, 131.3 MB
[runlim] sample:		560.0 time, 560.0 real, 131.3 MB
[runlim] sample:		570.0 time, 570.0 real, 131.3 MB
[runlim] sample:		580.0 time, 580.0 real, 131.3 MB
[runlim] sample:		590.0 time, 590.0 real, 132.2 MB
[runlim] sample:		600.0 time, 600.0 real, 132.2 MB
[runlim] end:			Mon Feb  9 20:13:31 2026
[runlim] status:		out of time
[runlim] result:		2
[runlim] children:		0
[runlim] real:			600.07 seconds
[runlim] time:			599.97 seconds
[runlim] space:			132.2 MB
[runlim] samples:		6000
