[runlim] version:		1.10
[runlim] time limit:		311040000 seconds
[runlim] real time limit:	10 seconds
[runlim] space limit:		7759 MB
[runlim] argv[0]:		python3
[runlim] argv[1]:		-u
[runlim] argv[2]:		two_solver.py
[runlim] argv[3]:		45-17
[runlim] argv[4]:		7
[runlim] argv[5]:		nsc
[runlim] argv[6]:		nsc
[runlim] argv[7]:		cadical103
[runlim] argv[8]:		incremental
[runlim] start:			Sun Feb  8 21:37:12 2026
[runlim] main pid:		13874
Total penalty: 482
Time: 0.011145830154418945
--------------------------------------------------

Trying with at most 481 penalty...
Total penalty: 472
Time: 0.4330425262451172
--------------------------------------------------

Trying with at most 471 penalty...
Total penalty: 425
Time: 0.496462345123291
--------------------------------------------------

Trying with at most 424 penalty...
Total penalty: 335
Time: 0.6081700325012207
--------------------------------------------------

Trying with at most 334 penalty...
Total penalty: 184
Time: 0.6891770362854004
--------------------------------------------------

Trying with at most 183 penalty...
Total penalty: 103
Time: 0.7472546100616455
--------------------------------------------------

Trying with at most 102 penalty...
Total penalty: 75
Time: 0.7877435684204102
--------------------------------------------------

Trying with at most 74 penalty...
Total penalty: 72
Time: 0.8225769996643066
--------------------------------------------------

Trying with at most 71 penalty...
Total penalty: 70
Time: 0.8550305366516113
--------------------------------------------------

Trying with at most 69 penalty...
Total penalty: 67
Time: 0.8836474418640137
--------------------------------------------------

Trying with at most 66 penalty...
Total penalty: 63
Time: 1.7154150009155273
--------------------------------------------------

Trying with at most 62 penalty...
Total penalty: 60
Time: 6.068764925003052
--------------------------------------------------

Trying with at most 59 penalty...
[runlim] end:			Sun Feb  8 21:37:22 2026
[runlim] status:		out of time
[runlim] result:		2
[runlim] children:		0
[runlim] real:			10.04 seconds
[runlim] time:			9.14 seconds
[runlim] space:			100.1 MB
[runlim] samples:		96
