[runlim] version:		1.10
[runlim] time limit:		311040000 seconds
[runlim] real time limit:	10 seconds
[runlim] space limit:		7759 MB
[runlim] argv[0]:		python3
[runlim] argv[1]:		-u
[runlim] argv[2]:		two_solver.py
[runlim] argv[3]:		45-17
[runlim] argv[4]:		7
[runlim] argv[5]:		nsc
[runlim] argv[6]:		nsc
[runlim] argv[7]:		cadical195
[runlim] argv[8]:		incremental
[runlim] start:			Sun Feb  8 21:37:32 2026
[runlim] main pid:		14041
Total penalty: 482
Time: 0.011507987976074219
--------------------------------------------------

Trying with at most 481 penalty...
Total penalty: 472
Time: 0.4619104862213135
--------------------------------------------------

Trying with at most 471 penalty...
Total penalty: 425
Time: 0.5694379806518555
--------------------------------------------------

Trying with at most 424 penalty...
Total penalty: 335
Time: 0.6884887218475342
--------------------------------------------------

Trying with at most 334 penalty...
Total penalty: 184
Time: 0.7728235721588135
--------------------------------------------------

Trying with at most 183 penalty...
Total penalty: 103
Time: 0.8379285335540771
--------------------------------------------------

Trying with at most 102 penalty...
Total penalty: 75
Time: 0.8804945945739746
--------------------------------------------------

Trying with at most 74 penalty...
Total penalty: 72
Time: 0.9168691635131836
--------------------------------------------------

Trying with at most 71 penalty...
Total penalty: 70
Time: 0.9490406513214111
--------------------------------------------------

Trying with at most 69 penalty...
Total penalty: 67
Time: 0.9785993099212646
--------------------------------------------------

Trying with at most 66 penalty...
Total penalty: 63
Time: 1.9263091087341309
--------------------------------------------------

Trying with at most 62 penalty...
Total penalty: 60
Time: 5.439631938934326
--------------------------------------------------

Trying with at most 59 penalty...
[runlim] sample:		9.6 time, 8.6 real, 87.7 MB
Total penalty: 58
Time: 9.181180238723755
--------------------------------------------------

Trying with at most 57 penalty...
[runlim] end:			Sun Feb  8 21:37:42 2026
[runlim] status:		out of time
[runlim] result:		2
[runlim] children:		0
[runlim] real:			10.08 seconds
[runlim] time:			10.99 seconds
[runlim] space:			104.4 MB
[runlim] samples:		115
