[runlim] version:		1.10
[runlim] time limit:		311040000 seconds
[runlim] real time limit:	60 seconds
[runlim] space limit:		7759 MB
[runlim] argv[0]:		python3
[runlim] argv[1]:		-u
[runlim] argv[2]:		test.py
[runlim] argv[3]:		45-17
[runlim] argv[4]:		7
[runlim] argv[5]:		nsc
[runlim] argv[6]:		tot
[runlim] argv[7]:		cryptominisat
[runlim] argv[8]:		assumptions
[runlim] start:			Mon Feb  9 16:35:04 2026
[runlim] main pid:		29422
Total penalty: 66
Time: 0.00899648666381836
Traceback (most recent call last):
  File "/home/satsolver/Minimum-Interference-Frequency-Assignment-Problem/test.py", line 610, in <module>
    main()
  File "/home/satsolver/Minimum-Interference-Frequency-Assignment-Problem/test.py", line 592, in main
    solver = Solver(name = sys.argv[5])
             ^^^^^^^^^^^^^^^^^^^^^^^^^^
  File "/home/satsolver/.local/lib/python3.12/site-packages/pysat/solvers.py", line 372, in __init__
    self.new(name, bootstrap_with, use_timer, **kwargs)
  File "/home/satsolver/.local/lib/python3.12/site-packages/pysat/solvers.py", line 421, in new
    self.solver = CryptoMinisat(bootstrap_with, use_timer, **kwargs)
                  ^^^^^^^^^^^^^^^^^^^^^^^^^^^^^^^^^^^^^^^^^^^^^^^^^^
  File "/home/satsolver/.local/lib/python3.12/site-packages/pysat/solvers.py", line 7294, in __init__
    assert cms_present, 'Package \'pycryptosat\' is unavailable. Check your installation.'
           ^^^^^^^^^^^
AssertionError: Package 'pycryptosat' is unavailable. Check your installation.
Exception ignored in: <function CryptoMinisat.__del__ at 0x7d55708bd760>
Traceback (most recent call last):
  File "/home/satsolver/.local/lib/python3.12/site-packages/pysat/solvers.py", line 7314, in __del__
    self.delete()
  File "/home/satsolver/.local/lib/python3.12/site-packages/pysat/solvers.py", line 7358, in delete
    if self.cryptosat:
       ^^^^^^^^^^^^^^
AttributeError: 'CryptoMinisat' object has no attribute 'cryptosat'
[runlim] end:			Mon Feb  9 16:35:04 2026
[runlim] status:		ok
[runlim] result:		0
[runlim] children:		0
[runlim] real:			0.17 seconds
[runlim] time:			0.09 seconds
[runlim] space:			33.1 MB
[runlim] samples:		1
