[runlim] version:		1.10
[runlim] time limit:		311040000 seconds
[runlim] real time limit:	10 seconds
[runlim] space limit:		7759 MB
[runlim] argv[0]:		python3
[runlim] argv[1]:		-u
[runlim] argv[2]:		two_solver.py
[runlim] argv[3]:		45-17
[runlim] argv[4]:		7
[runlim] argv[5]:		nsc
[runlim] argv[6]:		nsc
[runlim] argv[7]:		glucose3
[runlim] argv[8]:		incremental
[runlim] start:			Sun Feb  8 21:38:02 2026
[runlim] main pid:		14279
Total penalty: 71
Time: 0.009412765502929688
--------------------------------------------------

Trying with at most 70 penalty...
Total penalty: 66
Time: 0.1457524299621582
--------------------------------------------------

Trying with at most 65 penalty...
Total penalty: 64
Time: 2.5943710803985596
--------------------------------------------------

Trying with at most 63 penalty...
Total penalty: 53
Time: 3.8477134704589844
--------------------------------------------------

Trying with at most 52 penalty...
Total penalty: 48
Time: 4.6001832485198975
--------------------------------------------------

Trying with at most 47 penalty...
Total penalty: 45
Time: 8.243139743804932
--------------------------------------------------

Trying with at most 44 penalty...
[runlim] sample:		9.6 time, 8.7 real, 52.3 MB
[runlim] end:			Sun Feb  8 21:38:12 2026
[runlim] status:		out of time
[runlim] result:		2
[runlim] children:		0
[runlim] real:			10.12 seconds
[runlim] time:			10.88 seconds
[runlim] space:			57.8 MB
[runlim] samples:		114
