[runlim] version:		1.10
[runlim] time limit:		311040000 seconds
[runlim] real time limit:	10 seconds
[runlim] space limit:		7759 MB
[runlim] argv[0]:		python3
[runlim] argv[1]:		-u
[runlim] argv[2]:		two_solver.py
[runlim] argv[3]:		45-17
[runlim] argv[4]:		7
[runlim] argv[5]:		nsc
[runlim] argv[6]:		nsc
[runlim] argv[7]:		glucose42
[runlim] argv[8]:		incremental
[runlim] start:			Sun Feb  8 21:38:22 2026
[runlim] main pid:		14455
Total penalty: 82
Time: 0.00955343246459961
--------------------------------------------------

Trying with at most 81 penalty...
Total penalty: 67
Time: 0.15356707572937012
--------------------------------------------------

Trying with at most 66 penalty...
Total penalty: 58
Time: 0.19478845596313477
--------------------------------------------------

Trying with at most 57 penalty...
Total penalty: 56
Time: 5.047452211380005
--------------------------------------------------

Trying with at most 55 penalty...
Total penalty: 53
Time: 6.306277275085449
--------------------------------------------------

Trying with at most 52 penalty...
Total penalty: 51
Time: 7.435484170913696
--------------------------------------------------

Trying with at most 50 penalty...
[runlim] sample:		9.6 time, 10.0 real, 54.3 MB
[runlim] end:			Sun Feb  8 21:38:32 2026
[runlim] status:		out of time
[runlim] result:		2
[runlim] children:		0
[runlim] real:			10.07 seconds
[runlim] time:			9.56 seconds
[runlim] space:			57.4 MB
[runlim] samples:		100
