[runlim] version:		1.10
[runlim] time limit:		311040000 seconds
[runlim] real time limit:	60 seconds
[runlim] space limit:		7759 MB
[runlim] argv[0]:		python3
[runlim] argv[1]:		-u
[runlim] argv[2]:		test.py
[runlim] argv[3]:		45-17
[runlim] argv[4]:		7
[runlim] argv[5]:		nsc
[runlim] argv[6]:		tot
[runlim] argv[7]:		lingeling
[runlim] argv[8]:		assumptions
[runlim] start:			Mon Feb  9 16:40:04 2026
[runlim] main pid:		31461
Total penalty: 66
Time: 0.008571147918701172
--------------------------------------------------

Trying with at most 65 penalty...
Total penalty: 60
Time: 1.1821868419647217
--------------------------------------------------

Trying with at most 59 penalty...
Total penalty: 59
Time: 1.1883809566497803
--------------------------------------------------

Trying with at most 58 penalty...
Total penalty: 57
Time: 2.1715025901794434
--------------------------------------------------

Trying with at most 56 penalty...
Total penalty: 55
Time: 2.1793487071990967
--------------------------------------------------

Trying with at most 54 penalty...
Total penalty: 54
Time: 2.186323881149292
--------------------------------------------------

Trying with at most 53 penalty...
Total penalty: 51
Time: 7.047029733657837
--------------------------------------------------

Trying with at most 50 penalty...
[runlim] sample:		9.9 time, 10.1 real, 32.0 MB
[runlim] sample:		20.0 time, 20.1 real, 32.0 MB
Total penalty: 49
Time: 27.255956888198853
--------------------------------------------------

Trying with at most 48 penalty...
[runlim] sample:		30.0 time, 30.1 real, 40.4 MB
Total penalty: 47
Time: 33.42979693412781
--------------------------------------------------

Trying with at most 46 penalty...
Total penalty: 46
Time: 33.539939880371094
--------------------------------------------------

Trying with at most 45 penalty...
Total penalty: 45
Time: 33.56209897994995
--------------------------------------------------

Trying with at most 44 penalty...
[runlim] sample:		40.0 time, 40.1 real, 47.2 MB
[runlim] sample:		49.9 time, 50.1 real, 46.4 MB
[runlim] sample:		60.0 time, 60.1 real, 46.9 MB
[runlim] end:			Mon Feb  9 16:41:04 2026
[runlim] status:		out of time
[runlim] result:		2
[runlim] children:		0
[runlim] real:			60.11 seconds
[runlim] time:			60.00 seconds
[runlim] space:			47.7 MB
[runlim] samples:		600
