[runlim] version:		1.10
[runlim] time limit:		311040000 seconds
[runlim] real time limit:	60 seconds
[runlim] space limit:		7759 MB
[runlim] argv[0]:		python3
[runlim] argv[1]:		-u
[runlim] argv[2]:		test.py
[runlim] argv[3]:		45-17
[runlim] argv[4]:		7
[runlim] argv[5]:		nsc
[runlim] argv[6]:		tot
[runlim] argv[7]:		maplechrono
[runlim] argv[8]:		assumptions
[runlim] start:			Mon Feb  9 16:41:04 2026
[runlim] main pid:		31911
Total penalty: 66
Time: 0.008915424346923828
--------------------------------------------------

Trying with at most 65 penalty...
Total penalty: 61
Time: 3.3485825061798096
--------------------------------------------------

Trying with at most 60 penalty...
Total penalty: 57
Time: 3.7715110778808594
--------------------------------------------------

Trying with at most 56 penalty...
Total penalty: 51
Time: 3.830178737640381
--------------------------------------------------

Trying with at most 50 penalty...
Total penalty: 50
Time: 6.148535490036011
--------------------------------------------------

Trying with at most 49 penalty...
Total penalty: 48
Time: 6.152054786682129
--------------------------------------------------

Trying with at most 47 penalty...
Total penalty: 47
Time: 9.151156663894653
--------------------------------------------------

Trying with at most 46 penalty...
Total penalty: 44
Time: 9.594995260238647
--------------------------------------------------

Trying with at most 43 penalty...
Total penalty: 42
Time: 9.789030075073242
--------------------------------------------------

Trying with at most 41 penalty...
[runlim] sample:		10.0 time, 10.1 real, 56.7 MB
Total penalty: 41
Time: 16.42638874053955
--------------------------------------------------

Trying with at most 40 penalty...
[runlim] sample:		19.9 time, 20.1 real, 57.3 MB
[runlim] sample:		30.0 time, 30.1 real, 57.3 MB
[runlim] sample:		40.0 time, 40.1 real, 57.3 MB
[runlim] sample:		49.9 time, 50.1 real, 57.3 MB
[runlim] end:			Mon Feb  9 16:42:04 2026
[runlim] status:		out of time
[runlim] result:		2
[runlim] children:		0
[runlim] real:			60.03 seconds
[runlim] time:			59.87 seconds
[runlim] space:			57.3 MB
[runlim] samples:		599
