[runlim] version:		1.10
[runlim] time limit:		311040000 seconds
[runlim] real time limit:	60 seconds
[runlim] space limit:		7759 MB
[runlim] argv[0]:		python3
[runlim] argv[1]:		-u
[runlim] argv[2]:		test.py
[runlim] argv[3]:		45-17
[runlim] argv[4]:		7
[runlim] argv[5]:		nsc
[runlim] argv[6]:		tot
[runlim] argv[7]:		minicard
[runlim] argv[8]:		assumptions
[runlim] start:			Mon Feb  9 16:45:04 2026
[runlim] main pid:		33553
Total penalty: 66
Time: 0.008643388748168945
--------------------------------------------------

Trying with at most 65 penalty...
Total penalty: 62
Time: 0.060701847076416016
--------------------------------------------------

Trying with at most 61 penalty...
Total penalty: 59
Time: 0.08612728118896484
--------------------------------------------------

Trying with at most 58 penalty...
Total penalty: 56
Time: 0.11751437187194824
--------------------------------------------------

Trying with at most 55 penalty...
Total penalty: 51
Time: 0.20050597190856934
--------------------------------------------------

Trying with at most 50 penalty...
Total penalty: 50
Time: 0.534752368927002
--------------------------------------------------

Trying with at most 49 penalty...
Total penalty: 48
Time: 0.6081595420837402
--------------------------------------------------

Trying with at most 47 penalty...
Total penalty: 47
Time: 1.604508638381958
--------------------------------------------------

Trying with at most 46 penalty...
Total penalty: 46
Time: 5.35515832901001
--------------------------------------------------

Trying with at most 45 penalty...
Total penalty: 45
Time: 5.367799758911133
--------------------------------------------------

Trying with at most 44 penalty...
[runlim] sample:		10.0 time, 10.1 real, 41.6 MB
[runlim] sample:		20.1 time, 20.1 real, 52.7 MB
Total penalty: 43
Time: 21.135460138320923
--------------------------------------------------

Trying with at most 42 penalty...
Total penalty: 42
Time: 24.402474403381348
--------------------------------------------------

Trying with at most 41 penalty...
[runlim] sample:		30.1 time, 30.1 real, 54.8 MB
[runlim] sample:		40.0 time, 40.1 real, 57.4 MB
[runlim] sample:		49.9 time, 50.1 real, 57.7 MB
[runlim] end:			Mon Feb  9 16:46:04 2026
[runlim] status:		out of time
[runlim] result:		2
[runlim] children:		0
[runlim] real:			60.03 seconds
[runlim] time:			59.87 seconds
[runlim] space:			70.1 MB
[runlim] samples:		599
