[runlim] version:		1.10
[runlim] time limit:		311040000 seconds
[runlim] real time limit:	10 seconds
[runlim] space limit:		7759 MB
[runlim] argv[0]:		python3
[runlim] argv[1]:		-u
[runlim] argv[2]:		two_solver.py
[runlim] argv[3]:		45-17
[runlim] argv[4]:		7
[runlim] argv[5]:		nsc
[runlim] argv[6]:		nsc
[runlim] argv[7]:		minisat22
[runlim] argv[8]:		incremental
[runlim] start:			Sun Feb  8 21:39:32 2026
[runlim] main pid:		15063
Total penalty: 66
Time: 0.008264541625976562
--------------------------------------------------

Trying with at most 65 penalty...
Total penalty: 63
Time: 0.12095379829406738
--------------------------------------------------

Trying with at most 62 penalty...
Total penalty: 55
Time: 1.8131604194641113
--------------------------------------------------

Trying with at most 54 penalty...
Total penalty: 47
Time: 5.341634035110474
--------------------------------------------------

Trying with at most 46 penalty...
[runlim] sample:		9.6 time, 8.5 real, 48.4 MB
Total penalty: 44
Time: 9.295236587524414
--------------------------------------------------

Trying with at most 43 penalty...
[runlim] end:			Sun Feb  8 21:39:42 2026
[runlim] status:		out of time
[runlim] result:		2
[runlim] children:		0
[runlim] real:			10.09 seconds
[runlim] time:			11.15 seconds
[runlim] space:			54.0 MB
[runlim] samples:		116
