[runlim] version:		1.10
[runlim] time limit:		311040000 seconds
[runlim] real time limit:	60 seconds
[runlim] space limit:		7759 MB
[runlim] argv[0]:		python3
[runlim] argv[1]:		-u
[runlim] argv[2]:		test.py
[runlim] argv[3]:		45-17
[runlim] argv[4]:		7
[runlim] argv[5]:		nsc
[runlim] argv[6]:		tot
[runlim] argv[7]:		minisatgh
[runlim] argv[8]:		assumptions
[runlim] start:			Mon Feb  9 16:47:04 2026
[runlim] main pid:		34373
Total penalty: 66
Time: 0.008078813552856445
Traceback (most recent call last):
  File "/home/satsolver/Minimum-Interference-Frequency-Assignment-Problem/test.py", line 610, in <module>
    main()
  File "/home/satsolver/Minimum-Interference-Frequency-Assignment-Problem/test.py", line 592, in main
    solver = Solver(name = sys.argv[5])
             ^^^^^^^^^^^^^^^^^^^^^^^^^^
  File "/home/satsolver/.local/lib/python3.12/site-packages/pysat/solvers.py", line 372, in __init__
    self.new(name, bootstrap_with, use_timer, **kwargs)
  File "/home/satsolver/.local/lib/python3.12/site-packages/pysat/solvers.py", line 449, in new
    raise(NoSuchSolverError(name))
pysat.solvers.NoSuchSolverError: minisatgh
[runlim] end:			Mon Feb  9 16:47:04 2026
[runlim] status:		ok
[runlim] result:		0
[runlim] children:		0
[runlim] real:			0.17 seconds
[runlim] time:			0.10 seconds
[runlim] space:			33.7 MB
[runlim] samples:		1
